<?xml version="1.0" encoding="UTF-8"?>
<testng-results skipped="0" failed="0" ignored="0" total="1" passed="1">
  <reporter-output>
  </reporter-output>
  <suite name="Suite" duration-ms="28428" started-at="2022-10-26T23:40:40 IST" finished-at="2022-10-26T23:41:09 IST">
    <groups>
    </groups>
    <test name="Test" duration-ms="28428" started-at="2022-10-26T23:40:40 IST" finished-at="2022-10-26T23:41:09 IST">
      <class name="testScript.FlixBus">
        <test-method status="PASS" signature="precondition()[pri:0, instance:testScript.FlixBus@6aba2b86]" name="precondition" is-config="true" duration-ms="3885" started-at="2022-10-26T23:40:42 IST" finished-at="2022-10-26T23:40:46 IST">
          <reporter-output>
          </reporter-output>
        </test-method> <!-- precondition -->
        <test-method status="PASS" signature="bookBus(java.lang.String,java.lang.String,java.lang.String,java.lang.String,java.lang.String,java.lang.String,java.lang.String,java.lang.String,java.lang.String,java.lang.String,java.lang.String,java.lang.String)[pri:0, instance:testScript.FlixBus@6aba2b86]" name="bookBus" duration-ms="22178" started-at="2022-10-26T23:40:46 IST" data-provider="data" finished-at="2022-10-26T23:41:08 IST">
          <params>
            <param index="0">
              <value>
                <![CDATA[roundway]]>
              </value>
            </param>
            <param index="1">
              <value>
                <![CDATA[Paris]]>
              </value>
            </param>
            <param index="2">
              <value>
                <![CDATA[Munich]]>
              </value>
            </param>
            <param index="3">
              <value>
                <![CDATA[January]]>
              </value>
            </param>
            <param index="4">
              <value>
                <![CDATA[2024]]>
              </value>
            </param>
            <param index="5">
              <value>
                <![CDATA[10]]>
              </value>
            </param>
            <param index="6">
              <value>
                <![CDATA[January]]>
              </value>
            </param>
            <param index="7">
              <value>
                <![CDATA[2024]]>
              </value>
            </param>
            <param index="8">
              <value>
                <![CDATA[10]]>
              </value>
            </param>
            <param index="9">
              <value>
                <![CDATA[3]]>
              </value>
            </param>
            <param index="10">
              <value>
                <![CDATA[2]]>
              </value>
            </param>
            <param index="11">
              <value>
                <![CDATA[1]]>
              </value>
            </param>
          </params>
          <reporter-output>
          </reporter-output>
        </test-method> <!-- bookBus -->
        <test-method status="PASS" signature="postcondition()[pri:0, instance:testScript.FlixBus@6aba2b86]" name="postcondition" is-config="true" duration-ms="818" started-at="2022-10-26T23:41:08 IST" finished-at="2022-10-26T23:41:09 IST">
          <reporter-output>
          </reporter-output>
        </test-method> <!-- postcondition -->
      </class> <!-- testScript.FlixBus -->
    </test> <!-- Test -->
  </suite> <!-- Suite -->
</testng-results>
